<?xml version="1.0" encoding="UTF-8"?>
<!-- Generated by org.testng.reporters.JUnitReportReporter -->
<testsuite hostname="ASDA1708PO02529" name="TatocTest" tests="6" failures="0" timestamp="27 Jun 2018 04:49:31 GMT" time="3.682" errors="0">
  <testcase name="dragAndDrop" time="0.259" classname="TatocTest"/>
  <testcase name="greenBox" time="0.174" classname="TatocTest"/>
  <testcase name="matchBox" time="2.517" classname="TatocTest"/>
  <testcase name="basicCource" time="0.160" classname="TatocTest"/>
  <testcase name="cookieAdd" time="0.208" classname="TatocTest"/>
  <testcase name="launchPopUp" time="0.364" classname="TatocTest"/>
</testsuite> <!-- TatocTest -->
