<?xml version="1.0" encoding="UTF-8"?>
<!-- Generated by org.testng.reporters.JUnitReportReporter -->
<testsuite hostname="ASDA1708PO02529" name="TatocTest" tests="6" failures="0" timestamp="26 Jun 2018 12:06:55 GMT" time="6.525" errors="0">
  <testcase name="basicCource" time="0.147" classname="TatocTest"/>
  <testcase name="greenBox" time="0.170" classname="TatocTest"/>
  <testcase name="dragAndDrop" time="0.254" classname="TatocTest"/>
  <testcase name="launchPopUp" time="0.383" classname="TatocTest"/>
  <testcase name="cookieAdd" time="0.210" classname="TatocTest"/>
  <testcase name="matchBox" time="5.361" classname="TatocTest"/>
</testsuite> <!-- TatocTest -->
